2019-09-03 15:44:28 test_api.py[line:151] INFO ############test_create_blog############
2019-09-03 15:44:28 test_api.py[line:153] INFO username: wulao572
2019-09-03 15:44:28 test_api.py[line:155] INFO passwordToRegister
2019-09-03 15:44:28 test_api.py[line:33] INFO register_user->url: http://localhost:8000/register/
2019-09-03 15:44:28 test_api.py[line:37] INFO requestData of register: {"username": "wulao572", "password": "wulaoshi2019", "email": "wulao@qq.com"}
2019-09-03 15:44:30 test_api.py[line:39] INFO resp of register: {'code': '00', 'userid': 1, 'message': '成功'}
2019-09-03 15:44:30 test_api.py[line:159] INFO respOfRegister: {'code': '00', 'userid': 1, 'message': '成功'}
2019-09-03 15:44:30 test_api.py[line:161] INFO passwordToLogin: 320c9fe1aed78f466d8e27eed99ac8cf
2019-09-03 15:44:30 test_api.py[line:45] INFO request data of login_user: {"username": "wulao572", "password": "320c9fe1aed78f466d8e27eed99ac8cf"}
2019-09-03 15:44:31 test_api.py[line:165] INFO respOfLogin: {'token': '6223764add6e469aacb6a65f362403e1', 'code': '00', 'userid': 1, 'login_time': '2019-09-03 15:44:31'}
2019-09-03 15:44:31 test_api.py[line:167] INFO useridOfRegister: 1
2019-09-03 15:44:31 test_api.py[line:169] INFO tokenOfLogin: 6223764add6e469aacb6a65f362403e1
2019-09-03 15:44:31 test_api.py[line:52] INFO request data of create_blog: {"userid": 1, "token": "6223764add6e469aacb6a65f362403e1", "title": "mysql", "content": "mysql learn"}
2019-09-03 15:44:32 test_api.py[line:173] INFO resp of test_create_blog: {'data': [{'content': 'mysql learn', 'title': 'mysql'}], 'code': '00', 'userid': 1, 'articleId': 1}
2019-09-03 15:44:32 test_api.py[line:352] INFO ############test_delete_blogs############
2019-09-03 15:44:32 test_api.py[line:354] INFO passwordToRegister
2019-09-03 15:44:32 test_api.py[line:357] INFO username: wulao737
2019-09-03 15:44:32 test_api.py[line:359] INFO passwordToRegister: wulaoshi2019
2019-09-03 15:44:32 test_api.py[line:33] INFO register_user->url: http://localhost:8000/register/
2019-09-03 15:44:32 test_api.py[line:37] INFO requestData of register: {"username": "wulao737", "password": "wulaoshi2019", "email": "wulao@qq.com"}
2019-09-03 15:44:33 test_api.py[line:39] INFO resp of register: {'code': '00', 'userid': 2, 'message': '成功'}
2019-09-03 15:44:33 test_api.py[line:361] INFO respOfRegister: {'code': '00', 'userid': 2, 'message': '成功'}
2019-09-03 15:44:33 test_api.py[line:365] INFO passwordToLogin: 320c9fe1aed78f466d8e27eed99ac8cf
2019-09-03 15:44:33 test_api.py[line:45] INFO request data of login_user: {"username": "wulao737", "password": "320c9fe1aed78f466d8e27eed99ac8cf"}
2019-09-03 15:44:34 test_api.py[line:369] INFO respOfLogin: {'token': '973ada49a8e14ed4b2c5673ee9a402b7', 'code': '00', 'userid': 2, 'login_time': '2019-09-03 15:44:34'}
2019-09-03 15:44:34 test_api.py[line:372] INFO useridOfUser: 2
2019-09-03 15:44:34 test_api.py[line:375] INFO tokenOfUser: 973ada49a8e14ed4b2c5673ee9a402b7
2019-09-03 15:44:34 test_api.py[line:52] INFO request data of create_blog: {"userid": 2, "token": "973ada49a8e14ed4b2c5673ee9a402b7", "title": "mysql", "content": "mysql learn"}
2019-09-03 15:44:35 test_api.py[line:379] INFO resp of create_blog1: {'data': [{'content': 'mysql learn', 'title': 'mysql'}], 'code': '00', 'userid': 2, 'articleId': 2}
2019-09-03 15:44:35 test_api.py[line:52] INFO request data of create_blog: {"userid": 2, "token": "973ada49a8e14ed4b2c5673ee9a402b7", "title": "mysql", "content": "mysql learn"}
2019-09-03 15:44:36 test_api.py[line:382] INFO resp of create_blog2: {'data': [{'content': 'mysql learn', 'title': 'mysql'}], 'code': '00', 'userid': 2, 'articleId': 3}
2019-09-03 15:44:36 test_api.py[line:52] INFO request data of create_blog: {"userid": 2, "token": "973ada49a8e14ed4b2c5673ee9a402b7", "title": "mysql", "content": "mysql learn"}
2019-09-03 15:44:37 test_api.py[line:385] INFO resp of create_blog3: {'data': [{'content': 'mysql learn', 'title': 'mysql'}], 'code': '00', 'userid': 2, 'articleId': 4}
2019-09-03 15:44:37 test_api.py[line:69] INFO request data of get_blogs_of_user: {"userid": 2, "token": "973ada49a8e14ed4b2c5673ee9a402b7"}
2019-09-03 15:44:38 test_api.py[line:389] INFO respOfGetBlogsOfUser: {'data': [{'update_time': None, 'title': 'mysql', 'content': 'mysql learn', 'articleId': 2, 'owner': 2, 'posted_on': '2019-09-03 15:44:35'}, {'update_time': None, 'title': 'mysql', 'content': 'mysql learn', 'articleId': 3, 'owner': 2, 'posted_on': '2019-09-03 15:44:36'}, {'update_time': None, 'title': 'mysql', 'content': 'mysql learn', 'articleId': 4, 'owner': 2, 'posted_on': '2019-09-03 15:44:37'}], 'code': '00', 'userid': 2}
2019-09-03 15:44:38 test_api.py[line:390] INFO respOfGetBlogsOfUser.text: {
    "data": [
        {
            "update_time": null,
            "title": "mysql",
            "content": "mysql learn",
            "articleId": 2,
            "owner": 2,
            "posted_on": "2019-09-03 15:44:35"
        },
        {
            "update_time": null,
            "title": "mysql",
            "content": "mysql learn",
            "articleId": 3,
            "owner": 2,
            "posted_on": "2019-09-03 15:44:36"
        },
        {
            "update_time": null,
            "title": "mysql",
            "content": "mysql learn",
            "articleId": 4,
            "owner": 2,
            "posted_on": "2019-09-03 15:44:37"
        }
    ],
    "code": "00",
    "userid": 2
}

2019-09-03 15:44:38 test_api.py[line:394] INFO reFindArticleIdsRes: ['2', '3', '4']
2019-09-03 15:44:38 test_api.py[line:81] INFO url for delete: http://localhost:8000/delete/
2019-09-03 15:44:38 test_api.py[line:82] INFO articleIdList: [2, 3, 4]
2019-09-03 15:44:38 test_api.py[line:84] INFO request data of delete_blog: {"userid": 2, "token": "973ada49a8e14ed4b2c5673ee9a402b7", "articleId": [2, 3, 4]}
2019-09-03 15:44:40 test_api.py[line:400] INFO respOfDeleteBlogs: {'articleId': [2, 3, 4], 'code': '00', 'userid': 2}
2019-09-03 15:44:40 test_api.py[line:256] INFO ############test_get_blog_content############
2019-09-03 15:44:40 test_api.py[line:259] INFO username: wulao160
2019-09-03 15:44:40 test_api.py[line:261] INFO passwordToRegister: wulaoshi2019
2019-09-03 15:44:40 test_api.py[line:33] INFO register_user->url: http://localhost:8000/register/
2019-09-03 15:44:40 test_api.py[line:37] INFO requestData of register: {"username": "wulao160", "password": "wulaoshi2019", "email": "wulao@qq.com"}
2019-09-03 15:44:41 test_api.py[line:39] INFO resp of register: {'code': '00', 'userid': 3, 'message': '成功'}
2019-09-03 15:44:41 test_api.py[line:263] INFO respOfRegister: {'code': '00', 'userid': 3, 'message': '成功'}
2019-09-03 15:44:41 test_api.py[line:267] INFO passwordToLogin: 320c9fe1aed78f466d8e27eed99ac8cf
2019-09-03 15:44:41 test_api.py[line:45] INFO request data of login_user: {"username": "wulao160", "password": "320c9fe1aed78f466d8e27eed99ac8cf"}
2019-09-03 15:44:42 test_api.py[line:271] INFO respOfLogin: {'token': 'e0c306de499d4ef39b71edeada0083e0', 'code': '00', 'userid': 3, 'login_time': '2019-09-03 15:44:42'}
2019-09-03 15:44:42 test_api.py[line:274] INFO useridOfUser: 3
2019-09-03 15:44:42 test_api.py[line:277] INFO tokenOfUser: e0c306de499d4ef39b71edeada0083e0
2019-09-03 15:44:42 test_api.py[line:52] INFO request data of create_blog: {"userid": 3, "token": "e0c306de499d4ef39b71edeada0083e0", "title": "mysql", "content": "mysql learn"}
2019-09-03 15:44:43 test_api.py[line:281] INFO resp of create_blog: {'data': [{'content': 'mysql learn', 'title': 'mysql'}], 'code': '00', 'userid': 3, 'articleId': 5}
2019-09-03 15:44:43 test_api.py[line:69] INFO request data of get_blogs_of_user: {"userid": 3, "token": "e0c306de499d4ef39b71edeada0083e0"}
2019-09-03 15:44:44 test_api.py[line:285] INFO respOfGetBlogsOfUser: {'data': [{'update_time': None, 'title': 'mysql', 'content': 'mysql learn', 'articleId': 5, 'owner': 3, 'posted_on': '2019-09-03 15:44:43'}], 'code': '00', 'userid': 3}
2019-09-03 15:44:44 test_api.py[line:287] INFO articleId: 5
2019-09-03 15:44:45 test_api.py[line:291] INFO respOfGetBlogContent: <Response [200]>
2019-09-03 15:44:45 test_api.py[line:298] INFO ############test_get_blog_content############
2019-09-03 15:44:45 test_api.py[line:302] INFO username: wulao735
2019-09-03 15:44:45 test_api.py[line:304] INFO passwordToRegister: wulaoshi2019
2019-09-03 15:44:45 test_api.py[line:33] INFO register_user->url: http://localhost:8000/register/
2019-09-03 15:44:45 test_api.py[line:37] INFO requestData of register: {"username": "wulao735", "password": "wulaoshi2019", "email": "wulao@qq.com"}
2019-09-03 15:44:46 test_api.py[line:39] INFO resp of register: {'code': '00', 'userid': 4, 'message': '成功'}
2019-09-03 15:44:46 test_api.py[line:306] INFO respOfRegister: {'code': '00', 'userid': 4, 'message': '成功'}
2019-09-03 15:44:46 test_api.py[line:310] INFO passwordToLogin: 320c9fe1aed78f466d8e27eed99ac8cf
2019-09-03 15:44:46 test_api.py[line:45] INFO request data of login_user: {"username": "wulao735", "password": "320c9fe1aed78f466d8e27eed99ac8cf"}
2019-09-03 15:44:47 test_api.py[line:314] INFO respOfLogin: {'token': 'bf58f48f28494fd2b65444a4d16c51a2', 'code': '00', 'userid': 4, 'login_time': '2019-09-03 15:44:47'}
2019-09-03 15:44:47 test_api.py[line:317] INFO useridOfUser: 4
2019-09-03 15:44:47 test_api.py[line:320] INFO tokenOfUser: bf58f48f28494fd2b65444a4d16c51a2
2019-09-03 15:44:47 test_api.py[line:52] INFO request data of create_blog: {"userid": 4, "token": "bf58f48f28494fd2b65444a4d16c51a2", "title": "mysql", "content": "mysql learn"}
2019-09-03 15:44:48 test_api.py[line:324] INFO resp of create_blog1: {'data': [{'content': 'mysql learn', 'title': 'mysql'}], 'code': '00', 'userid': 4, 'articleId': 6}
2019-09-03 15:44:48 test_api.py[line:52] INFO request data of create_blog: {"userid": 4, "token": "bf58f48f28494fd2b65444a4d16c51a2", "title": "mysql", "content": "mysql learn"}
2019-09-03 15:44:49 test_api.py[line:327] INFO resp of create_blog2: {'data': [{'content': 'mysql learn', 'title': 'mysql'}], 'code': '00', 'userid': 4, 'articleId': 7}
2019-09-03 15:44:49 test_api.py[line:52] INFO request data of create_blog: {"userid": 4, "token": "bf58f48f28494fd2b65444a4d16c51a2", "title": "mysql", "content": "mysql learn"}
2019-09-03 15:44:50 test_api.py[line:330] INFO resp of create_blog3: {'data': [{'content': 'mysql learn', 'title': 'mysql'}], 'code': '00', 'userid': 4, 'articleId': 8}
2019-09-03 15:44:50 test_api.py[line:69] INFO request data of get_blogs_of_user: {"userid": 4, "token": "bf58f48f28494fd2b65444a4d16c51a2"}
2019-09-03 15:44:51 test_api.py[line:334] INFO respOfGetBlogsOfUser: {'data': [{'update_time': None, 'title': 'mysql', 'content': 'mysql learn', 'articleId': 6, 'owner': 4, 'posted_on': '2019-09-03 15:44:48'}, {'update_time': None, 'title': 'mysql', 'content': 'mysql learn', 'articleId': 7, 'owner': 4, 'posted_on': '2019-09-03 15:44:49'}, {'update_time': None, 'title': 'mysql', 'content': 'mysql learn', 'articleId': 8, 'owner': 4, 'posted_on': '2019-09-03 15:44:50'}], 'code': '00', 'userid': 4}
2019-09-03 15:44:51 test_api.py[line:335] INFO respOfGetBlogsOfUser.text: {
    "data": [
        {
            "update_time": null,
            "title": "mysql",
            "content": "mysql learn",
            "articleId": 6,
            "owner": 4,
            "posted_on": "2019-09-03 15:44:48"
        },
        {
            "update_time": null,
            "title": "mysql",
            "content": "mysql learn",
            "articleId": 7,
            "owner": 4,
            "posted_on": "2019-09-03 15:44:49"
        },
        {
            "update_time": null,
            "title": "mysql",
            "content": "mysql learn",
            "articleId": 8,
            "owner": 4,
            "posted_on": "2019-09-03 15:44:50"
        }
    ],
    "code": "00",
    "userid": 4
}

2019-09-03 15:44:51 test_api.py[line:339] INFO reFindArticleIdsRes: ['6', '7', '8']
2019-09-03 15:44:51 test_api.py[line:341] INFO articleIdsRes: 6,7,8
2019-09-03 15:44:51 test_api.py[line:62] INFO url of get_blogs_content: http://localhost:8000/getBlogsContent/articleIds=6,7,8
2019-09-03 15:44:52 test_api.py[line:345] INFO respOfGetBlogsContent: {'code': '00', 'data': [{'update_time': None, 'title': 'mysql', 'content': 'mysql learn', 'articleId': 6, 'owner': 4, 'posted_on': '2019-09-03 15:44:48'}, {'update_time': None, 'title': 'mysql', 'content': 'mysql learn', 'articleId': 7, 'owner': 4, 'posted_on': '2019-09-03 15:44:49'}, {'update_time': None, 'title': 'mysql', 'content': 'mysql learn', 'articleId': 8, 'owner': 4, 'posted_on': '2019-09-03 15:44:50'}]}
2019-09-03 15:44:52 test_api.py[line:179] INFO ############test_get_blogs_of_user############
2019-09-03 15:44:52 test_api.py[line:182] INFO username: wulao376
2019-09-03 15:44:52 test_api.py[line:184] INFO passwordToRegister: wulaoshi2019
2019-09-03 15:44:52 test_api.py[line:33] INFO register_user->url: http://localhost:8000/register/
2019-09-03 15:44:52 test_api.py[line:37] INFO requestData of register: {"username": "wulao376", "password": "wulaoshi2019", "email": "wulao@qq.com"}
2019-09-03 15:44:53 test_api.py[line:39] INFO resp of register: {'code': '00', 'userid': 5, 'message': '成功'}
2019-09-03 15:44:53 test_api.py[line:186] INFO respOfRegister: {'code': '00', 'userid': 5, 'message': '成功'}
2019-09-03 15:44:53 test_api.py[line:190] INFO passwordToLogin: 320c9fe1aed78f466d8e27eed99ac8cf
2019-09-03 15:44:53 test_api.py[line:45] INFO request data of login_user: {"username": "wulao376", "password": "320c9fe1aed78f466d8e27eed99ac8cf"}
2019-09-03 15:44:54 test_api.py[line:194] INFO respOfLogin: {'token': 'a64d4e51442a46709bf71e2495962f5d', 'code': '00', 'userid': 5, 'login_time': '2019-09-03 15:44:54'}
2019-09-03 15:44:54 test_api.py[line:197] INFO useridOfUser: 5
2019-09-03 15:44:54 test_api.py[line:200] INFO tokenOfUser: a64d4e51442a46709bf71e2495962f5d
2019-09-03 15:44:54 test_api.py[line:52] INFO request data of create_blog: {"userid": 5, "token": "a64d4e51442a46709bf71e2495962f5d", "title": "mysql", "content": "mysql learn"}
2019-09-03 15:44:56 test_api.py[line:204] INFO resp of create_blog: {'data': [{'content': 'mysql learn', 'title': 'mysql'}], 'code': '00', 'userid': 5, 'articleId': 9}
2019-09-03 15:44:56 test_api.py[line:69] INFO request data of get_blogs_of_user: {"userid": 5, "token": "a64d4e51442a46709bf71e2495962f5d"}
2019-09-03 15:44:57 test_api.py[line:208] INFO respOfGetBlogsOfUser: {'data': [{'update_time': None, 'title': 'mysql', 'content': 'mysql learn', 'articleId': 9, 'owner': 5, 'posted_on': '2019-09-03 15:44:55'}], 'code': '00', 'userid': 5}
2019-09-03 15:44:57 test_api.py[line:133] INFO ############test_create_blog############
2019-09-03 15:44:57 test_api.py[line:33] INFO register_user->url: http://localhost:8000/register/
2019-09-03 15:44:57 test_api.py[line:37] INFO requestData of register: {"username": "wulao71", "password": "wulaoshi2019", "email": "wulao@qq.com"}
2019-09-03 15:44:58 test_api.py[line:39] INFO resp of register: {'code': '00', 'userid': 6, 'message': '成功'}
2019-09-03 15:44:58 test_api.py[line:140] INFO username: wulao71
2019-09-03 15:44:58 test_api.py[line:141] INFO passwordToLogin: 320c9fe1aed78f466d8e27eed99ac8cf
2019-09-03 15:44:58 test_api.py[line:45] INFO request data of login_user: {"username": "wulao71", "password": "320c9fe1aed78f466d8e27eed99ac8cf"}
2019-09-03 15:44:59 test_api.py[line:145] INFO resp of test_login_user_existed: {'token': '9b48fa17e4f14c2b871014a3f336e32f', 'code': '00', 'userid': 6, 'login_time': '2019-09-03 15:44:59'}
2019-09-03 15:44:59 test_api.py[line:120] INFO ############test_login_user_not_existed############
2019-09-03 15:44:59 test_api.py[line:45] INFO request data of login_user: {"username": "wulao762", "password": "320c9fe1aed78f466d8e27eed99ac8cf"}
2019-09-03 15:45:00 test_api.py[line:126] INFO resp of test_login_user_not_existed: {'code': '02', 'message': '参数值不合法，用户不存在'}
2019-09-03 15:45:00 test_api.py[line:110] INFO ############test_register_user_existed############
2019-09-03 15:45:00 test_api.py[line:33] INFO register_user->url: http://localhost:8000/register/
2019-09-03 15:45:00 test_api.py[line:37] INFO requestData of register: {"username": "wulao90", "password": "wulaoshi2019", "email": "wulao@qq.com"}
2019-09-03 15:45:01 test_api.py[line:39] INFO resp of register: {'code': '00', 'userid': 7, 'message': '成功'}
2019-09-03 15:45:01 test_api.py[line:33] INFO register_user->url: http://localhost:8000/register/
2019-09-03 15:45:01 test_api.py[line:37] INFO requestData of register: {"username": "wulao90", "password": "wulaoshi2019", "email": "wulao@qq.com"}
2019-09-03 15:45:02 test_api.py[line:39] INFO resp of register: {'code': '01', 'message': '参数值不合法，用户名已存在'}
2019-09-03 15:45:02 test_api.py[line:114] INFO resp of test_register_user_existed: {'code': '01', 'message': '参数值不合法，用户名已存在'}
2019-09-03 15:45:02 test_api.py[line:89] INFO ############test_register_user_not_existed############
2019-09-03 15:45:02 test_api.py[line:92] INFO passwordToRegister
2019-09-03 15:45:02 test_api.py[line:95] INFO try times: 1
2019-09-03 15:45:02 test_api.py[line:98] INFO username: wulao252
2019-09-03 15:45:02 test_api.py[line:33] INFO register_user->url: http://localhost:8000/register/
2019-09-03 15:45:02 test_api.py[line:37] INFO requestData of register: {"username": "wulao252", "password": "wulaoshi2019", "email": "wulao@qq.com"}
2019-09-03 15:45:03 test_api.py[line:39] INFO resp of register: {'code': '00', 'userid': 8, 'message': '成功'}
2019-09-03 15:45:03 test_api.py[line:100] INFO resp of test_register_user_not_existed: {'code': '00', 'userid': 8, 'message': '成功'}
2019-09-03 15:45:03 test_api.py[line:215] INFO ############test_update_blog############
2019-09-03 15:45:03 test_api.py[line:218] INFO username: wulao375
2019-09-03 15:45:03 test_api.py[line:220] INFO passwordToRegister: wulaoshi2019
2019-09-03 15:45:03 test_api.py[line:33] INFO register_user->url: http://localhost:8000/register/
2019-09-03 15:45:03 test_api.py[line:37] INFO requestData of register: {"username": "wulao375", "password": "wulaoshi2019", "email": "wulao@qq.com"}
2019-09-03 15:45:04 test_api.py[line:39] INFO resp of register: {'code': '00', 'userid': 9, 'message': '成功'}
2019-09-03 15:45:04 test_api.py[line:222] INFO respOfRegister: {'code': '00', 'userid': 9, 'message': '成功'}
2019-09-03 15:45:04 test_api.py[line:226] INFO passwordToLogin: 320c9fe1aed78f466d8e27eed99ac8cf
2019-09-03 15:45:04 test_api.py[line:45] INFO request data of login_user: {"username": "wulao375", "password": "320c9fe1aed78f466d8e27eed99ac8cf"}
2019-09-03 15:45:05 test_api.py[line:230] INFO respOfLogin: {'token': 'd82c4209249d41f88db753b9f3af03d3', 'code': '00', 'userid': 9, 'login_time': '2019-09-03 15:45:05'}
2019-09-03 15:45:05 test_api.py[line:233] INFO useridOfUser: 9
2019-09-03 15:45:05 test_api.py[line:236] INFO tokenOfUser: d82c4209249d41f88db753b9f3af03d3
2019-09-03 15:45:05 test_api.py[line:52] INFO request data of create_blog: {"userid": 9, "token": "d82c4209249d41f88db753b9f3af03d3", "title": "mysql", "content": "mysql learn"}
2019-09-03 15:45:06 test_api.py[line:240] INFO resp of create_blog: {'data': [{'content': 'mysql learn', 'title': 'mysql'}], 'code': '00', 'userid': 9, 'articleId': 10}
2019-09-03 15:45:06 test_api.py[line:69] INFO request data of get_blogs_of_user: {"userid": 9, "token": "d82c4209249d41f88db753b9f3af03d3"}
2019-09-03 15:45:07 test_api.py[line:243] INFO respOfGetBlogsOfUser: {'data': [{'update_time': None, 'title': 'mysql', 'content': 'mysql learn', 'articleId': 10, 'owner': 9, 'posted_on': '2019-09-03 15:45:06'}], 'code': '00', 'userid': 9}
2019-09-03 15:45:07 test_api.py[line:245] INFO articleId: 10
2019-09-03 15:45:07 test_api.py[line:75] INFO request data of update_blog: {"userid": 9, "token": "d82c4209249d41f88db753b9f3af03d3", "articleId": 10, "title": "update title", "content": "update blog content"}
2019-09-03 15:45:08 test_api.py[line:250] INFO resp of update_blog: <Response [200]>
